<?xml version="1.0" encoding="UTF-8"?>
<!-- Generated by org.testng.reporters.JUnitReportReporter -->
<testsuite hostname="DESKTOP-JFTDBNS" failures="0" tests="1" name="PageFactoryPOM.LoginPageTest" time="6.935" errors="0" timestamp="2025-07-31T21:44:10 IST" skipped="0">
  <testcase classname="PageFactoryPOM.LoginPageTest" name="testLogin" time="6.935"/>
</testsuite> <!-- PageFactoryPOM.LoginPageTest -->
